; Isotopic Weight Mode Enabled
; Standard deviations will not be displayed
; Source formula will be displayed with proper capitalization
; Display of source formula is now Off

; One letter Amino Acid weight mode: input formulas are assumed to be peptides in one-letter notation
89.0476762
146.1055224
121.0197482
133.0375062
147.0531554
165.0789746
75.032027
155.0694734
131.0946238
146.1055224
146.1055224
131.0946238
149.0510466
132.0534898
132.0898732
115.0633254
146.069139
174.1116704
105.0425912
119.0582404
191.0429854
117.0789746
204.0898732
146.1055224
181.0738896
146.1055224
2426.2566632
2337.2327998
2025.005437
2154.10554
2612.3982012
2066.9849774
2086.0595358
2427.3260262
