
; Formula Finder Mode Enabled.  Search elements/abbreviations: C, H, N, O, Cl, Bpy
; Isotopic Weight Mode Enabled
; FF Searching: 403.84
Compounds found:  5
C2BpyCl6N	MW=403.8849368	dm=0.0449368
C5H6Cl8N3O	MW=403.8019086	dm=-0.0380914
C6H6Cl8NO2	MW=403.7906756	dm=-0.0493244
C6H8Cl8N2O	MW=403.8144838	dm=-0.0255162
C7H8Cl8O2	MW=403.8032508	dm=-0.0367492

; FF Searching: 300.58
Compounds found:  0

; FF Searching: 403.885
Compounds found:  5
CH7Cl7N10	MW=403.8674832	dm=-0.0175168
C2BpyCl6N	MW=403.8849368	dm=-0.0000632
C2H9Cl7N9	MW=403.8800584	dm=-0.0049416
C3H2BpyCl6	MW=403.897512	dm=0.012512
C3H9Cl7N7O	MW=403.8688254	dm=-0.0161746

; FF Searching: 632.43
Compounds found:  10
CH24Bpy3N8O	MW=632.413531800001	dm=-0.0164682
C2H26Bpy3N7O	MW=632.426107000001	dm=-0.003893
C3H26Bpy3N5O2	MW=632.414874000001	dm=-0.015126
C4H28Bpy3N4O2	MW=632.427449200001	dm=-0.0025508
C5H28Bpy3N2O3	MW=632.416216200001	dm=-0.0137838
C5H30Bpy3N3O2	MW=632.440024400001	dm=0.0100244
C6H30Bpy3NO3	MW=632.428791400001	dm=-0.0012086
C7H31Bpy3ClN	MW=632.420724000002	dm=-0.009276
C7H32Bpy3O3	MW=632.441366600002	dm=0.0113666
C8H33Bpy3Cl	MW=632.433299200002	dm=0.0032992


; Formula Finder Mode Enabled.  Search elements/abbreviations: H, N, Br, Li
; FF Searching: 389.32
Compounds found:  2
H47Br3Li11N2	MW=389.3049672	dm=-0.0150328
H47Br3Li13N	MW=389.3339032	dm=0.0139032


; Molecular Weight Mode Enabled
NH2	16.01872 (±0)
C6H5Cl	112.00798 (±0)
^13C6H5Cl	118.00798 (±0)
; Average Weight Mode Enabled
FeCl3-6H2O	270.295(±3)
